{"uid":"a3889b0e8273ee0d","name":"Searchfunctionality","fullName":"Tests.SearchPageTest.Searchfunctionality","historyId":"2857a4c2fc1801d1fd8aeb5b5b125cf9","time":{"start":1770320365534,"stop":1770320368874,"duration":3340},"status":"failed","statusMessage":"Menu item text should not be empty expected [true] but found [false]","statusTrace":"java.lang.AssertionError: Menu item text should not be empty expected [true] but found [false]\r\n\tat org.testng.Assert.fail(Assert.java:111)\r\n\tat org.testng.Assert.failNotEquals(Assert.java:1578)\r\n\tat org.testng.Assert.assertTrue(Assert.java:57)\r\n\tat Tests.SearchPageTest.Searchfunctionality(SearchPageTest.java:43)\r\n\tat java.base/jdk.internal.reflect.DirectMethodHandleAccessor.invoke(DirectMethodHandleAccessor.java:103)\r\n\tat java.base/java.lang.reflect.Method.invoke(Method.java:580)\r\n\tat org.testng.internal.invokers.MethodInvocationHelper.invokeMethod(MethodInvocationHelper.java:139)\r\n\tat org.testng.internal.invokers.TestInvoker.invokeMethod(TestInvoker.java:664)\r\n\tat org.testng.internal.invokers.TestInvoker.invokeTestMethod(TestInvoker.java:228)\r\n\tat org.testng.internal.invokers.MethodRunner.runInSequence(MethodRunner.java:63)\r\n\tat org.testng.internal.invokers.TestInvoker$MethodInvocationAgent.invoke(TestInvoker.java:961)\r\n\tat org.testng.internal.invokers.TestInvoker.invokeTestMethods(TestInvoker.java:201)\r\n\tat org.testng.internal.invokers.TestMethodWorker.invokeTestMethods(TestMethodWorker.java:148)\r\n\tat org.testng.internal.invokers.TestMethodWorker.run(TestMethodWorker.java:128)\r\n\tat java.base/java.util.ArrayList.forEach(ArrayList.java:1596)\r\n\tat org.testng.TestRunner.privateRun(TestRunner.java:819)\r\n\tat org.testng.TestRunner.run(TestRunner.java:619)\r\n\tat org.testng.SuiteRunner.runTest(SuiteRunner.java:443)\r\n\tat org.testng.SuiteRunner.runSequentially(SuiteRunner.java:437)\r\n\tat org.testng.SuiteRunner.privateRun(SuiteRunner.java:397)\r\n\tat org.testng.SuiteRunner.run(SuiteRunner.java:336)\r\n\tat org.testng.SuiteRunnerWorker.runSuite(SuiteRunnerWorker.java:52)\r\n\tat org.testng.SuiteRunnerWorker.run(SuiteRunnerWorker.java:95)\r\n\tat org.testng.TestNG.runSuitesSequentially(TestNG.java:1301)\r\n\tat org.testng.TestNG.runSuitesLocally(TestNG.java:1228)\r\n\tat org.testng.TestNG.runSuites(TestNG.java:1134)\r\n\tat org.testng.TestNG.run(TestNG.java:1101)\r\n\tat org.apache.maven.surefire.testng.TestNGExecutor.run(TestNGExecutor.java:308)\r\n\tat org.apache.maven.surefire.testng.TestNGXmlTestSuite.execute(TestNGXmlTestSuite.java:71)\r\n\tat org.apache.maven.surefire.testng.TestNGProvider.invoke(TestNGProvider.java:113)\r\n\tat org.apache.maven.surefire.booter.ForkedBooter.runSuitesInProcess(ForkedBooter.java:385)\r\n\tat org.apache.maven.surefire.booter.ForkedBooter.execute(ForkedBooter.java:162)\r\n\tat org.apache.maven.surefire.booter.ForkedBooter.run(ForkedBooter.java:507)\r\n\tat org.apache.maven.surefire.booter.ForkedBooter.main(ForkedBooter.java:495)\r\n","flaky":false,"newFailed":true,"newBroken":false,"newPassed":false,"retriesCount":3,"retriesStatusChange":true,"beforeStages":[{"name":"setUp","time":{"start":1770320346630,"stop":1770320365526,"duration":18896},"description":"","status":"passed","steps":[],"attachments":[],"parameters":[],"hasContent":false,"shouldDisplayMessage":false,"attachmentsCount":0,"stepsCount":0,"attachmentStep":false}],"testStage":{"status":"failed","statusMessage":"Menu item text should not be empty expected [true] but found [false]","statusTrace":"java.lang.AssertionError: Menu item text should not be empty expected [true] but found [false]\r\n\tat org.testng.Assert.fail(Assert.java:111)\r\n\tat org.testng.Assert.failNotEquals(Assert.java:1578)\r\n\tat org.testng.Assert.assertTrue(Assert.java:57)\r\n\tat Tests.SearchPageTest.Searchfunctionality(SearchPageTest.java:43)\r\n\tat java.base/jdk.internal.reflect.DirectMethodHandleAccessor.invoke(DirectMethodHandleAccessor.java:103)\r\n\tat java.base/java.lang.reflect.Method.invoke(Method.java:580)\r\n\tat org.testng.internal.invokers.MethodInvocationHelper.invokeMethod(MethodInvocationHelper.java:139)\r\n\tat org.testng.internal.invokers.TestInvoker.invokeMethod(TestInvoker.java:664)\r\n\tat org.testng.internal.invokers.TestInvoker.invokeTestMethod(TestInvoker.java:228)\r\n\tat org.testng.internal.invokers.MethodRunner.runInSequence(MethodRunner.java:63)\r\n\tat org.testng.internal.invokers.TestInvoker$MethodInvocationAgent.invoke(TestInvoker.java:961)\r\n\tat org.testng.internal.invokers.TestInvoker.invokeTestMethods(TestInvoker.java:201)\r\n\tat org.testng.internal.invokers.TestMethodWorker.invokeTestMethods(TestMethodWorker.java:148)\r\n\tat org.testng.internal.invokers.TestMethodWorker.run(TestMethodWorker.java:128)\r\n\tat java.base/java.util.ArrayList.forEach(ArrayList.java:1596)\r\n\tat org.testng.TestRunner.privateRun(TestRunner.java:819)\r\n\tat org.testng.TestRunner.run(TestRunner.java:619)\r\n\tat org.testng.SuiteRunner.runTest(SuiteRunner.java:443)\r\n\tat org.testng.SuiteRunner.runSequentially(SuiteRunner.java:437)\r\n\tat org.testng.SuiteRunner.privateRun(SuiteRunner.java:397)\r\n\tat org.testng.SuiteRunner.run(SuiteRunner.java:336)\r\n\tat org.testng.SuiteRunnerWorker.runSuite(SuiteRunnerWorker.java:52)\r\n\tat org.testng.SuiteRunnerWorker.run(SuiteRunnerWorker.java:95)\r\n\tat org.testng.TestNG.runSuitesSequentially(TestNG.java:1301)\r\n\tat org.testng.TestNG.runSuitesLocally(TestNG.java:1228)\r\n\tat org.testng.TestNG.runSuites(TestNG.java:1134)\r\n\tat org.testng.TestNG.run(TestNG.java:1101)\r\n\tat org.apache.maven.surefire.testng.TestNGExecutor.run(TestNGExecutor.java:308)\r\n\tat org.apache.maven.surefire.testng.TestNGXmlTestSuite.execute(TestNGXmlTestSuite.java:71)\r\n\tat org.apache.maven.surefire.testng.TestNGProvider.invoke(TestNGProvider.java:113)\r\n\tat org.apache.maven.surefire.booter.ForkedBooter.runSuitesInProcess(ForkedBooter.java:385)\r\n\tat org.apache.maven.surefire.booter.ForkedBooter.execute(ForkedBooter.java:162)\r\n\tat org.apache.maven.surefire.booter.ForkedBooter.run(ForkedBooter.java:507)\r\n\tat org.apache.maven.surefire.booter.ForkedBooter.main(ForkedBooter.java:495)\r\n","steps":[],"attachments":[{"uid":"2d37ccbf6a3c8392","name":"Test Environment","source":"2d37ccbf6a3c8392.txt","type":"text/plain","size":100},{"uid":"e69e95d92d4a2c96","name":"Screenshot - Searchfunctionality [CHROME]","source":"e69e95d92d4a2c96.png","type":"image/png","size":87807},{"uid":"2c0f31638bf7ee89","name":"Failure Log","source":"2c0f31638bf7ee89.txt","type":"text/plain","size":3030},{"uid":"9d15ede8bf5455f9","name":"Test Execution Video","source":"9d15ede8bf5455f9.avi","type":"video/avi","size":352386}],"parameters":[],"hasContent":true,"shouldDisplayMessage":true,"attachmentsCount":4,"stepsCount":0,"attachmentStep":false},"afterStages":[{"name":"tearDown","time":{"start":1770320368880,"stop":1770320369143,"duration":263},"description":"","status":"passed","steps":[],"attachments":[],"parameters":[],"hasContent":false,"shouldDisplayMessage":false,"attachmentsCount":0,"stepsCount":0,"attachmentStep":false}],"labels":[{"name":"package","value":"Tests.SearchPageTest"},{"name":"testClass","value":"Tests.SearchPageTest"},{"name":"testMethod","value":"Searchfunctionality"},{"name":"parentSuite","value":"Selenium TestNG Suite"},{"name":"suite","value":"UI Tests"},{"name":"subSuite","value":"Tests.SearchPageTest"},{"name":"host","value":"RAXIT"},{"name":"thread","value":"13372@RAXIT.main(1)"},{"name":"framework","value":"testng"},{"name":"language","value":"java"},{"name":"resultFormat","value":"allure2"}],"parameters":[{"name":"arg0","value":"1"},{"name":"browser","value":"chrome"},{"name":"env","value":"test"},{"name":"headless","value":"false"},{"name":"incognito","value":"false"},{"name":"window","value":"max"}],"links":[],"hidden":false,"retry":false,"extra":{"severity":"normal","retries":[{"uid":"a5cd84db7e86d2c2","status":"broken","statusDetails":"element click intercepted: Element <button data-v-f5c763eb=\"\" data-v-636d6b87=\"\" class=\"oxd-icon-button oxd-main-menu-button\" type=\"button\" role=\"none\">...</button> is not clickable at point (205, 122). Other element would receive the click: <div data-v-edf1c7c7=\"\" class=\"oxd-layout-context\">...</div>\n  (Session info: chrome=144.0.7559.110)\nBuild info: version: '4.18.1', revision: 'b1d3319b48'\nSystem info: os.name: 'Windows 11', os.arch: 'amd64', os.version: '10.0', java.version: '21.0.6'\nDriver info: org.openqa.selenium.chrome.ChromeDriver\nCommand: [4db0a13bf864996a7bb0ad62ddf7d184, clickElement {id=f.C5D76F0859DDA443B89EFCDC645E73DC.d.0E55CA681DD6A7F48B5126802824A2E0.e.43}]\nCapabilities {acceptInsecureCerts: false, browserName: chrome, browserVersion: 144.0.7559.110, chrome: {chromedriverVersion: 144.0.7559.133 (7da823b1d59..., userDataDir: C:\\Users\\raxit\\AppData\\Loca...}, fedcm:accounts: true, goog:chromeOptions: {debuggerAddress: localhost:56533}, goog:processID: 27556, networkConnectionEnabled: false, pageLoadStrategy: normal, platformName: windows, proxy: Proxy(), se:cdp: ws://localhost:56533/devtoo..., se:cdpVersion: 144.0.7559.110, setWindowRect: true, strictFileInteractability: false, timeouts: {implicit: 0, pageLoad: 300000, script: 30000}, unhandledPromptBehavior: dismiss and notify, webauthn:extension:credBlob: true, webauthn:extension:largeBlob: true, webauthn:extension:minPinLength: true, webauthn:extension:prf: true, webauthn:virtualAuthenticators: true}\nElement: [[ChromeDriver: chrome on windows (4db0a13bf864996a7bb0ad62ddf7d184)] -> css selector: button.oxd-main-menu-button]\nSession ID: 4db0a13bf864996a7bb0ad62ddf7d184","time":{"start":1770319880697,"stop":1770319884730,"duration":4033}},{"uid":"f1e280eb1309e2c7","status":"broken","statusDetails":"invalid selector: No selector specified\n  (Session info: chrome=144.0.7559.110)\nFor documentation on this error, please visit: https://www.selenium.dev/documentation/webdriver/troubleshooting/errors#invalid-selector-exception\nBuild info: version: '4.18.1', revision: 'b1d3319b48'\nSystem info: os.name: 'Windows 11', os.arch: 'amd64', os.version: '10.0', java.version: '21.0.6'\nDriver info: org.openqa.selenium.chrome.ChromeDriver\nCommand: [5d98da46eb27a51452db8519fe4a4e73, findElements {using=css selector, value=}]\nCapabilities {acceptInsecureCerts: false, browserName: chrome, browserVersion: 144.0.7559.110, chrome: {chromedriverVersion: 144.0.7559.133 (7da823b1d59..., userDataDir: C:\\Users\\raxit\\AppData\\Loca...}, fedcm:accounts: true, goog:chromeOptions: {debuggerAddress: localhost:50366}, goog:processID: 28276, networkConnectionEnabled: false, pageLoadStrategy: normal, platformName: windows, proxy: Proxy(), se:cdp: ws://localhost:50366/devtoo..., se:cdpVersion: 144.0.7559.110, setWindowRect: true, strictFileInteractability: false, timeouts: {implicit: 0, pageLoad: 300000, script: 30000}, unhandledPromptBehavior: dismiss and notify, webauthn:extension:credBlob: true, webauthn:extension:largeBlob: true, webauthn:extension:minPinLength: true, webauthn:extension:prf: true, webauthn:virtualAuthenticators: true}\nSession ID: 5d98da46eb27a51452db8519fe4a4e73","time":{"start":1770319586186,"stop":1770319593183,"duration":6997}},{"uid":"d97e23b87e349d1c","status":"broken","statusDetails":"element click intercepted: Element <button data-v-f5c763eb=\"\" data-v-636d6b87=\"\" class=\"oxd-icon-button oxd-main-menu-button\" type=\"button\" role=\"none\">...</button> is not clickable at point (155, 122). Other element would receive the click: <div data-v-edf1c7c7=\"\" class=\"oxd-layout-context\">...</div>\n  (Session info: chrome=144.0.7559.110)\nBuild info: version: '4.18.1', revision: 'b1d3319b48'\nSystem info: os.name: 'Windows 11', os.arch: 'amd64', os.version: '10.0', java.version: '21.0.6'\nDriver info: org.openqa.selenium.chrome.ChromeDriver\nCommand: [1bdf389c7bc3a254735e7877016da0b7, clickElement {id=f.EEC13E7A1888DE0A9719A68D0F2FD91C.d.890FAD3F3D90D0CBA0FD15F3237AD487.e.37}]\nCapabilities {acceptInsecureCerts: false, browserName: chrome, browserVersion: 144.0.7559.110, chrome: {chromedriverVersion: 144.0.7559.133 (7da823b1d59..., userDataDir: C:\\Users\\raxit\\AppData\\Loca...}, fedcm:accounts: true, goog:chromeOptions: {debuggerAddress: localhost:65184}, goog:processID: 25296, networkConnectionEnabled: false, pageLoadStrategy: normal, platformName: windows, proxy: Proxy(), se:cdp: ws://localhost:65184/devtoo..., se:cdpVersion: 144.0.7559.110, setWindowRect: true, strictFileInteractability: false, timeouts: {implicit: 0, pageLoad: 300000, script: 30000}, unhandledPromptBehavior: dismiss and notify, webauthn:extension:credBlob: true, webauthn:extension:largeBlob: true, webauthn:extension:minPinLength: true, webauthn:extension:prf: true, webauthn:virtualAuthenticators: true}\nElement: [[ChromeDriver: chrome on windows (1bdf389c7bc3a254735e7877016da0b7)] -> css selector: button.oxd-main-menu-button]\nSession ID: 1bdf389c7bc3a254735e7877016da0b7","time":{"start":1770319167690,"stop":1770319171032,"duration":3342}}],"categories":[{"name":"Product defects","matchedStatuses":[]}],"history":{"statistic":{"failed":1,"broken":4,"skipped":0,"passed":2,"unknown":0,"total":7},"items":[{"uid":"334381a78e16a158","reportUrl":"http://localhost:9090/job/selenium-testng-framework%20(Orange%20crm)/25/allure/#testresult/334381a78e16a158","status":"broken","statusDetails":"element click intercepted: Element <button data-v-f5c763eb=\"\" data-v-636d6b87=\"\" class=\"oxd-icon-button oxd-main-menu-button\" type=\"button\" role=\"none\">...</button> is not clickable at point (205, 122). Other element would receive the click: <div data-v-edf1c7c7=\"\" class=\"oxd-layout-context\">...</div>\n  (Session info: chrome=144.0.7559.110)\nBuild info: version: '4.18.1', revision: 'b1d3319b48'\nSystem info: os.name: 'Windows 11', os.arch: 'amd64', os.version: '10.0', java.version: '21.0.6'\nDriver info: org.openqa.selenium.chrome.ChromeDriver\nCommand: [4db0a13bf864996a7bb0ad62ddf7d184, clickElement {id=f.C5D76F0859DDA443B89EFCDC645E73DC.d.0E55CA681DD6A7F48B5126802824A2E0.e.43}]\nCapabilities {acceptInsecureCerts: false, browserName: chrome, browserVersion: 144.0.7559.110, chrome: {chromedriverVersion: 144.0.7559.133 (7da823b1d59..., userDataDir: C:\\Users\\raxit\\AppData\\Loca...}, fedcm:accounts: true, goog:chromeOptions: {debuggerAddress: localhost:56533}, goog:processID: 27556, networkConnectionEnabled: false, pageLoadStrategy: normal, platformName: windows, proxy: Proxy(), se:cdp: ws://localhost:56533/devtoo..., se:cdpVersion: 144.0.7559.110, setWindowRect: true, strictFileInteractability: false, timeouts: {implicit: 0, pageLoad: 300000, script: 30000}, unhandledPromptBehavior: dismiss and notify, webauthn:extension:credBlob: true, webauthn:extension:largeBlob: true, webauthn:extension:minPinLength: true, webauthn:extension:prf: true, webauthn:virtualAuthenticators: true}\nElement: [[ChromeDriver: chrome on windows (4db0a13bf864996a7bb0ad62ddf7d184)] -> css selector: button.oxd-main-menu-button]\nSession ID: 4db0a13bf864996a7bb0ad62ddf7d184","time":{"start":1770319880697,"stop":1770319884730,"duration":4033}},{"uid":"396f02c38fb473d5","reportUrl":"http://localhost:9090/job/selenium-testng-framework%20(Orange%20crm)/24/allure/#testresult/396f02c38fb473d5","status":"broken","statusDetails":"invalid selector: No selector specified\n  (Session info: chrome=144.0.7559.110)\nFor documentation on this error, please visit: https://www.selenium.dev/documentation/webdriver/troubleshooting/errors#invalid-selector-exception\nBuild info: version: '4.18.1', revision: 'b1d3319b48'\nSystem info: os.name: 'Windows 11', os.arch: 'amd64', os.version: '10.0', java.version: '21.0.6'\nDriver info: org.openqa.selenium.chrome.ChromeDriver\nCommand: [5d98da46eb27a51452db8519fe4a4e73, findElements {using=css selector, value=}]\nCapabilities {acceptInsecureCerts: false, browserName: chrome, browserVersion: 144.0.7559.110, chrome: {chromedriverVersion: 144.0.7559.133 (7da823b1d59..., userDataDir: C:\\Users\\raxit\\AppData\\Loca...}, fedcm:accounts: true, goog:chromeOptions: {debuggerAddress: localhost:50366}, goog:processID: 28276, networkConnectionEnabled: false, pageLoadStrategy: normal, platformName: windows, proxy: Proxy(), se:cdp: ws://localhost:50366/devtoo..., se:cdpVersion: 144.0.7559.110, setWindowRect: true, strictFileInteractability: false, timeouts: {implicit: 0, pageLoad: 300000, script: 30000}, unhandledPromptBehavior: dismiss and notify, webauthn:extension:credBlob: true, webauthn:extension:largeBlob: true, webauthn:extension:minPinLength: true, webauthn:extension:prf: true, webauthn:virtualAuthenticators: true}\nSession ID: 5d98da46eb27a51452db8519fe4a4e73","time":{"start":1770319586186,"stop":1770319593183,"duration":6997}},{"uid":"f84a74d3d6d58069","reportUrl":"http://localhost:9090/job/selenium-testng-framework%20(Orange%20crm)/23/allure/#testresult/f84a74d3d6d58069","status":"broken","statusDetails":"element click intercepted: Element <button data-v-f5c763eb=\"\" data-v-636d6b87=\"\" class=\"oxd-icon-button oxd-main-menu-button\" type=\"button\" role=\"none\">...</button> is not clickable at point (155, 122). Other element would receive the click: <div data-v-edf1c7c7=\"\" class=\"oxd-layout-context\">...</div>\n  (Session info: chrome=144.0.7559.110)\nBuild info: version: '4.18.1', revision: 'b1d3319b48'\nSystem info: os.name: 'Windows 11', os.arch: 'amd64', os.version: '10.0', java.version: '21.0.6'\nDriver info: org.openqa.selenium.chrome.ChromeDriver\nCommand: [1bdf389c7bc3a254735e7877016da0b7, clickElement {id=f.EEC13E7A1888DE0A9719A68D0F2FD91C.d.890FAD3F3D90D0CBA0FD15F3237AD487.e.37}]\nCapabilities {acceptInsecureCerts: false, browserName: chrome, browserVersion: 144.0.7559.110, chrome: {chromedriverVersion: 144.0.7559.133 (7da823b1d59..., userDataDir: C:\\Users\\raxit\\AppData\\Loca...}, fedcm:accounts: true, goog:chromeOptions: {debuggerAddress: localhost:65184}, goog:processID: 25296, networkConnectionEnabled: false, pageLoadStrategy: normal, platformName: windows, proxy: Proxy(), se:cdp: ws://localhost:65184/devtoo..., se:cdpVersion: 144.0.7559.110, setWindowRect: true, strictFileInteractability: false, timeouts: {implicit: 0, pageLoad: 300000, script: 30000}, unhandledPromptBehavior: dismiss and notify, webauthn:extension:credBlob: true, webauthn:extension:largeBlob: true, webauthn:extension:minPinLength: true, webauthn:extension:prf: true, webauthn:virtualAuthenticators: true}\nElement: [[ChromeDriver: chrome on windows (1bdf389c7bc3a254735e7877016da0b7)] -> css selector: button.oxd-main-menu-button]\nSession ID: 1bdf389c7bc3a254735e7877016da0b7","time":{"start":1770319167690,"stop":1770319171032,"duration":3342}},{"uid":"35bb219035def999","reportUrl":"http://localhost:9090/job/selenium-testng-framework%20(Orange%20crm)/21/allure/#testresult/35bb219035def999","status":"broken","statusDetails":"invalid selector: No selector specified\n  (Session info: chrome=144.0.7559.110)\nFor documentation on this error, please visit: https://www.selenium.dev/documentation/webdriver/troubleshooting/errors#invalid-selector-exception\nBuild info: version: '4.18.1', revision: 'b1d3319b48'\nSystem info: os.name: 'Windows 11', os.arch: 'amd64', os.version: '10.0', java.version: '21.0.6'\nDriver info: org.openqa.selenium.chrome.ChromeDriver\nCommand: [50e35c7761ca299b478231b9cce99cf2, findElements {value=, using=css selector}]\nCapabilities {acceptInsecureCerts: false, browserName: chrome, browserVersion: 144.0.7559.110, chrome: {chromedriverVersion: 144.0.7559.133 (7da823b1d59..., userDataDir: C:\\Users\\raxit\\AppData\\Loca...}, fedcm:accounts: true, goog:chromeOptions: {debuggerAddress: localhost:56164}, goog:processID: 33364, networkConnectionEnabled: false, pageLoadStrategy: normal, platformName: windows, proxy: Proxy(), se:cdp: ws://localhost:56164/devtoo..., se:cdpVersion: 144.0.7559.110, setWindowRect: true, strictFileInteractability: false, timeouts: {implicit: 0, pageLoad: 300000, script: 30000}, unhandledPromptBehavior: dismiss and notify, webauthn:extension:credBlob: true, webauthn:extension:largeBlob: true, webauthn:extension:minPinLength: true, webauthn:extension:prf: true, webauthn:virtualAuthenticators: true}\nSession ID: 50e35c7761ca299b478231b9cce99cf2","time":{"start":1770318272790,"stop":1770318279122,"duration":6332}},{"uid":"39bf12ae466f7302","reportUrl":"http://localhost:9090/job/selenium-testng-framework%20(Orange%20crm)/12/allure/#testresult/39bf12ae466f7302","status":"passed","time":{"start":1770188498988,"stop":1770188517632,"duration":18644}},{"uid":"71688e631fb29674","reportUrl":"http://localhost:9090/job/selenium-testng-framework%20(Orange%20crm)/11/allure/#testresult/71688e631fb29674","status":"passed","time":{"start":1770188498988,"stop":1770188517632,"duration":18644}}]},"tags":[]},"source":"a3889b0e8273ee0d.json","parameterValues":["1","chrome","test","false","false","max"]}